<?xml version="1.0" encoding="UTF-8"?>
<testng-results ignored="0" total="1" passed="1" failed="0" skipped="0">
  <reporter-output>
  </reporter-output>
  <suite started-at="2026-05-22T18:41:12 IST" name="Default suite" finished-at="2026-05-22T18:41:39 IST" duration-ms="26736">
    <groups>
      <group name="cucumber">
        <method signature="AbstractTestNGCucumberTests.runScenario(io.cucumber.testng.PickleWrapper,io.cucumber.testng.FeatureWrapper)[pri:0, instance:Runner3.rerunfailedtestcase@131ef10]" name="runScenario" class="io.cucumber.testng.AbstractTestNGCucumberTests"/>
      </group> <!-- cucumber -->
    </groups>
    <test started-at="2026-05-22T18:41:12 IST" name="Default test" finished-at="2026-05-22T18:41:39 IST" duration-ms="26736">
      <class name="Runner3.rerunfailedtestcase">
        <test-method is-config="true" signature="setUpClass(org.testng.ITestContext)[pri:0, instance:Runner3.rerunfailedtestcase@131ef10]" started-at="2026-05-22T18:41:12 IST" name="setUpClass" finished-at="2026-05-22T18:41:13 IST" duration-ms="996" status="PASS">
          <params>
            <param index="0">
              <value>
                <![CDATA[org.testng.TestRunner@7f79edee]]>
              </value>
            </param>
          </params>
          <reporter-output>
          </reporter-output>
        </test-method> <!-- setUpClass -->
        <test-method signature="runScenario(io.cucumber.testng.PickleWrapper,io.cucumber.testng.FeatureWrapper)[pri:0, instance:Runner3.rerunfailedtestcase@131ef10]" started-at="2026-05-22T18:41:13 IST" name="runScenario" description="Runs Cucumber Scenarios" data-provider="scenarios" finished-at="2026-05-22T18:41:38 IST" duration-ms="25222" status="PASS">
          <params>
            <param index="0">
              <value>
                <![CDATA["Validate the login fetaure with inValid username and password"]]>
              </value>
            </param>
            <param index="1">
              <value>
                <![CDATA["login feature  of Face book page"]]>
              </value>
            </param>
          </params>
          <reporter-output>
          </reporter-output>
        </test-method> <!-- runScenario -->
        <test-method is-config="true" signature="tearDownClass()[pri:0, instance:Runner3.rerunfailedtestcase@131ef10]" started-at="2026-05-22T18:41:38 IST" name="tearDownClass" finished-at="2026-05-22T18:41:39 IST" duration-ms="434" status="PASS">
          <reporter-output>
          </reporter-output>
        </test-method> <!-- tearDownClass -->
      </class> <!-- Runner3.rerunfailedtestcase -->
    </test> <!-- Default test -->
  </suite> <!-- Default suite -->
</testng-results>
